Determining if the pthread_create exist failed with the following output:
Change Dir: /home/lab202/Code/Test/Dvins/Dvins_lib/build/CMakeFiles/CMakeTmp

Run Build Command:"/usr/bin/make" "cmTC_7d307/fast"
/usr/bin/make -f CMakeFiles/cmTC_7d307.dir/build.make CMakeFiles/cmTC_7d307.dir/build
make[1]: Entering directory '/home/lab202/Code/Test/Dvins/Dvins_lib/build/CMakeFiles/CMakeTmp'
Building C object CMakeFiles/cmTC_7d307.dir/CheckSymbolExists.c.o
/usr/bin/gcc    -fPIC    -o CMakeFiles/cmTC_7d307.dir/CheckSymbolExists.c.o   -c /home/lab202/Code/Test/Dvins/Dvins_lib/build/CMakeFiles/CMakeTmp/CheckSymbolExists.c
Linking C executable cmTC_7d307
/usr/bin/cmake -E cmake_link_script CMakeFiles/cmTC_7d307.dir/link.txt --verbose=1
/usr/bin/gcc  -fPIC     CMakeFiles/cmTC_7d307.dir/CheckSymbolExists.c.o  -o cmTC_7d307 -rdynamic 
CMakeFiles/cmTC_7d307.dir/CheckSymbolExists.c.o：在函数‘main’中：
CheckSymbolExists.c:(.text+0x1b)：对‘pthread_create’未定义的引用
collect2: error: ld returned 1 exit status
CMakeFiles/cmTC_7d307.dir/build.make:97: recipe for target 'cmTC_7d307' failed
make[1]: *** [cmTC_7d307] Error 1
make[1]: Leaving directory '/home/lab202/Code/Test/Dvins/Dvins_lib/build/CMakeFiles/CMakeTmp'
Makefile:126: recipe for target 'cmTC_7d307/fast' failed
make: *** [cmTC_7d307/fast] Error 2

File /home/lab202/Code/Test/Dvins/Dvins_lib/build/CMakeFiles/CMakeTmp/CheckSymbolExists.c:
/* */
#include <pthread.h>

int main(int argc, char** argv)
{
  (void)argv;
#ifndef pthread_create
  return ((int*)(&pthread_create))[argc];
#else
  (void)argc;
  return 0;
#endif
}

Determining if the function pthread_create exists in the pthreads failed with the following output:
Change Dir: /home/lab202/Code/Test/Dvins/Dvins_lib/build/CMakeFiles/CMakeTmp

Run Build Command:"/usr/bin/make" "cmTC_94cca/fast"
/usr/bin/make -f CMakeFiles/cmTC_94cca.dir/build.make CMakeFiles/cmTC_94cca.dir/build
make[1]: Entering directory '/home/lab202/Code/Test/Dvins/Dvins_lib/build/CMakeFiles/CMakeTmp'
Building C object CMakeFiles/cmTC_94cca.dir/CheckFunctionExists.c.o
/usr/bin/gcc    -fPIC -DCHECK_FUNCTION_EXISTS=pthread_create   -o CMakeFiles/cmTC_94cca.dir/CheckFunctionExists.c.o   -c /usr/share/cmake-3.5/Modules/CheckFunctionExists.c
Linking C executable cmTC_94cca
/usr/bin/cmake -E cmake_link_script CMakeFiles/cmTC_94cca.dir/link.txt --verbose=1
/usr/bin/gcc  -fPIC -DCHECK_FUNCTION_EXISTS=pthread_create    CMakeFiles/cmTC_94cca.dir/CheckFunctionExists.c.o  -o cmTC_94cca -rdynamic -lpthreads 
/usr/bin/ld: 找不到 -lpthreads
collect2: error: ld returned 1 exit status
CMakeFiles/cmTC_94cca.dir/build.make:97: recipe for target 'cmTC_94cca' failed
make[1]: *** [cmTC_94cca] Error 1
make[1]: Leaving directory '/home/lab202/Code/Test/Dvins/Dvins_lib/build/CMakeFiles/CMakeTmp'
Makefile:126: recipe for target 'cmTC_94cca/fast' failed
make: *** [cmTC_94cca/fast] Error 2


